#
# There is insufficient memory for the Java Runtime Environment to continue.
# Native memory allocation (malloc) failed to allocate 1117264 bytes for Chunk::new
# Possible reasons:
#   The system is out of physical RAM or swap space
#   The process is running with CompressedOops enabled, and the Java Heap may be blocking the growth of the native heap
# Possible solutions:
#   Reduce memory load on the system
#   Increase physical memory or swap space
#   Check if swap backing store is full
#   Decrease Java heap size (-Xmx/-Xms)
#   Decrease number of Java threads
#   Decrease Java thread stack sizes (-Xss)
#   Set larger code cache with -XX:ReservedCodeCacheSize=
#   JVM is running with Unscaled Compressed Oops mode in which the Java heap is
#     placed in the first 4GB address space. The Java Heap base address is the
#     maximum limit for the native heap growth. Please use -XX:HeapBaseMinAddress
#     to set the Java Heap base and to place the Java Heap above 4GB virtual address.
# This output file may be truncated or incomplete.
#
#  Out of Memory Error (arena.cpp:189), pid=6316, tid=10040
#
# JRE version: OpenJDK Runtime Environment (17.0.6) (build 17.0.6+0-b2043.56-10027231)
# Java VM: OpenJDK 64-Bit Server VM (17.0.6+0-b2043.56-10027231, mixed mode, tiered, compressed oops, compressed class ptrs, g1 gc, windows-amd64)
# No core dump will be written. Minidumps are not enabled by default on client versions of Windows
#

---------------  S U M M A R Y ------------

Command Line: --add-opens=java.base/java.util=ALL-UNNAMED --add-opens=java.base/java.lang=ALL-UNNAMED --add-opens=java.base/java.lang.invoke=ALL-UNNAMED --add-opens=java.prefs/java.util.prefs=ALL-UNNAMED --add-opens=java.base/java.nio.charset=ALL-UNNAMED --add-opens=java.base/java.net=ALL-UNNAMED --add-opens=java.base/java.util.concurrent.atomic=ALL-UNNAMED -Xmx2048m -Dfile.encoding=UTF-8 -Duser.country=BR -Duser.language=pt -Duser.variant org.gradle.launcher.daemon.bootstrap.GradleDaemon 8.0

Host: Intel(R) Core(TM) i5-8265U CPU @ 1.60GHz, 8 cores, 7G,  Windows 11 , 64 bit Build 22621 (10.0.22621.2428)
Time: Fri Oct 27 11:53:37 2023 Hora Padrão da Bahia elapsed time: 48.020920 seconds (0d 0h 0m 48s)

---------------  T H R E A D  ---------------

Current thread (0x0000026c1c824d70):  JavaThread "C2 CompilerThread0" daemon [_thread_in_native, id=10040, stack(0x000000a2c0100000,0x000000a2c0200000)]


Current CompileTask:
C2:  48021 4332       4       jdk.internal.org.objectweb.asm.Frame::execute (2305 bytes)

Stack: [0x000000a2c0100000,0x000000a2c0200000]
Native frames: (J=compiled Java code, j=interpreted, Vv=VM code, C=native code)
V  [jvm.dll+0x683c9a]
V  [jvm.dll+0x8427a4]
V  [jvm.dll+0x843f9e]
V  [jvm.dll+0x844603]
V  [jvm.dll+0x249b75]
V  [jvm.dll+0xabcac]
V  [jvm.dll+0xac27c]
V  [jvm.dll+0x368857]
V  [jvm.dll+0x1bd0b8]
V  [jvm.dll+0x21c359]
V  [jvm.dll+0x21b621]
V  [jvm.dll+0x1a4fdd]
V  [jvm.dll+0x22b098]
V  [jvm.dll+0x229159]
V  [jvm.dll+0x7f81ec]
V  [jvm.dll+0x7f274a]
V  [jvm.dll+0x682ad5]
C  [ucrtbase.dll+0x29363]
C  [KERNEL32.DLL+0x1257d]
C  [ntdll.dll+0x5aa78]


---------------  P R O C E S S  ---------------

Threads class SMR info:
_java_thread_list=0x0000026c1f275080, length=41, elements={
0x0000026c01fd8e40, 0x0000026c1c813260, 0x0000026c1be1c380, 0x0000026c1c8296d0,
0x0000026c1c81d700, 0x0000026c1c820870, 0x0000026c1c8218d0, 0x0000026c1c824d70,
0x0000026c1c835e00, 0x0000026c1c838fe0, 0x0000026c1c9b0030, 0x0000026c1c9b2d20,
0x0000026c1ef98c50, 0x0000026c1ce7da40, 0x0000026c1e105080, 0x0000026c1d3a39d0,
0x0000026c1ec1c2e0, 0x0000026c1e2c1a00, 0x0000026c1ec1c7b0, 0x0000026c1d489850,
0x0000026c1d489380, 0x0000026c1d48bed0, 0x0000026c1d48b060, 0x0000026c1d48a6c0,
0x0000026c1d489d20, 0x0000026c1d48ba00, 0x0000026c1d4889e0, 0x0000026c211365b0,
0x0000026c21139100, 0x0000026c211395d0, 0x0000026c21139f70, 0x0000026c2113b2b0,
0x0000026c21137420, 0x0000026c2113c5f0, 0x0000026c2113cac0, 0x0000026c2113a910,
0x0000026c211378f0, 0x0000026c2113d460, 0x0000026c2113d930, 0x0000026c211360e0,
0x0000026c21138760
}

Java Threads: ( => current thread )
  0x0000026c01fd8e40 JavaThread "main" [_thread_blocked, id=3776, stack(0x000000a2bf400000,0x000000a2bf500000)]
  0x0000026c1c813260 JavaThread "Reference Handler" daemon [_thread_blocked, id=12620, stack(0x000000a2bfb00000,0x000000a2bfc00000)]
  0x0000026c1be1c380 JavaThread "Finalizer" daemon [_thread_blocked, id=16380, stack(0x000000a2bfc00000,0x000000a2bfd00000)]
  0x0000026c1c8296d0 JavaThread "Signal Dispatcher" daemon [_thread_blocked, id=14016, stack(0x000000a2bfd00000,0x000000a2bfe00000)]
  0x0000026c1c81d700 JavaThread "Attach Listener" daemon [_thread_blocked, id=14056, stack(0x000000a2bfe00000,0x000000a2bff00000)]
  0x0000026c1c820870 JavaThread "Service Thread" daemon [_thread_blocked, id=13040, stack(0x000000a2bff00000,0x000000a2c0000000)]
  0x0000026c1c8218d0 JavaThread "Monitor Deflation Thread" daemon [_thread_blocked, id=14408, stack(0x000000a2c0000000,0x000000a2c0100000)]
=>0x0000026c1c824d70 JavaThread "C2 CompilerThread0" daemon [_thread_in_native, id=10040, stack(0x000000a2c0100000,0x000000a2c0200000)]
  0x0000026c1c835e00 JavaThread "C1 CompilerThread0" daemon [_thread_blocked, id=9192, stack(0x000000a2c0200000,0x000000a2c0300000)]
  0x0000026c1c838fe0 JavaThread "Sweeper thread" daemon [_thread_blocked, id=8132, stack(0x000000a2c0300000,0x000000a2c0400000)]
  0x0000026c1c9b0030 JavaThread "Common-Cleaner" daemon [_thread_blocked, id=3216, stack(0x000000a2c0400000,0x000000a2c0500000)]
  0x0000026c1c9b2d20 JavaThread "Notification Thread" daemon [_thread_blocked, id=6896, stack(0x000000a2c0500000,0x000000a2c0600000)]
  0x0000026c1ef98c50 JavaThread "Daemon health stats" [_thread_blocked, id=10600, stack(0x000000a2c0b00000,0x000000a2c0c00000)]
  0x0000026c1ce7da40 JavaThread "Incoming local TCP Connector on port 50362" [_thread_in_native, id=7808, stack(0x000000a2c0c00000,0x000000a2c0d00000)]
  0x0000026c1e105080 JavaThread "Daemon periodic checks" [_thread_blocked, id=2844, stack(0x000000a2c0d00000,0x000000a2c0e00000)]
  0x0000026c1d3a39d0 JavaThread "Daemon" [_thread_blocked, id=2888, stack(0x000000a2c0e00000,0x000000a2c0f00000)]
  0x0000026c1ec1c2e0 JavaThread "Handler for socket connection from /127.0.0.1:50362 to /127.0.0.1:50363" [_thread_in_native, id=8404, stack(0x000000a2c0f00000,0x000000a2c1000000)]
  0x0000026c1e2c1a00 JavaThread "Cancel handler" [_thread_blocked, id=7888, stack(0x000000a2c1000000,0x000000a2c1100000)]
  0x0000026c1ec1c7b0 JavaThread "Daemon worker" [_thread_blocked, id=8688, stack(0x000000a2c1100000,0x000000a2c1200000)]
  0x0000026c1d489850 JavaThread "Asynchronous log dispatcher for DefaultDaemonConnection: socket connection from /127.0.0.1:50362 to /127.0.0.1:50363" [_thread_blocked, id=8680, stack(0x000000a2c1200000,0x000000a2c1300000)]
  0x0000026c1d489380 JavaThread "Stdin handler" [_thread_blocked, id=4776, stack(0x000000a2c1300000,0x000000a2c1400000)]
  0x0000026c1d48bed0 JavaThread "Daemon client event forwarder" [_thread_blocked, id=10556, stack(0x000000a2c1400000,0x000000a2c1500000)]
  0x0000026c1d48b060 JavaThread "Cache worker for journal cache (C:\Users\pedro\.gradle\caches\journal-1)" [_thread_blocked, id=6672, stack(0x000000a2c1900000,0x000000a2c1a00000)]
  0x0000026c1d48a6c0 JavaThread "File lock request listener" [_thread_in_native, id=10608, stack(0x000000a2c1a00000,0x000000a2c1b00000)]
  0x0000026c1d489d20 JavaThread "Cache worker for file hash cache (C:\Users\pedro\.gradle\caches\8.0\fileHashes)" [_thread_blocked, id=7544, stack(0x000000a2bf100000,0x000000a2bf200000)]
  0x0000026c1d48ba00 JavaThread "File watcher server" daemon [_thread_in_native, id=3468, stack(0x000000a2c1b00000,0x000000a2c1c00000)]
  0x0000026c1d4889e0 JavaThread "File watcher consumer" daemon [_thread_blocked, id=8476, stack(0x000000a2c1c00000,0x000000a2c1d00000)]
  0x0000026c211365b0 JavaThread "Cache worker for checksums cache (C:\Users\pedro\AndroidStudioProjects\MovieCima\.gradle\8.0\checksums)" [_thread_blocked, id=9516, stack(0x000000a2c1d00000,0x000000a2c1e00000)]
  0x0000026c21139100 JavaThread "Cache worker for cache directory md-rule (C:\Users\pedro\.gradle\caches\8.0\md-rule)" [_thread_blocked, id=5304, stack(0x000000a2c1e00000,0x000000a2c1f00000)]
  0x0000026c211395d0 JavaThread "Cache worker for file content cache (C:\Users\pedro\.gradle\caches\8.0\fileContent)" [_thread_blocked, id=7628, stack(0x000000a2c1f00000,0x000000a2c2000000)]
  0x0000026c21139f70 JavaThread "Cache worker for file hash cache (C:\Users\pedro\AndroidStudioProjects\MovieCima\.gradle\8.0\fileHashes)" [_thread_blocked, id=15952, stack(0x000000a2c2000000,0x000000a2c2100000)]
  0x0000026c2113b2b0 JavaThread "Cache worker for cache directory md-supplier (C:\Users\pedro\.gradle\caches\8.0\md-supplier)" [_thread_blocked, id=16180, stack(0x000000a2c2100000,0x000000a2c2200000)]
  0x0000026c21137420 JavaThread "Cache worker for execution history cache (C:\Users\pedro\.gradle\caches\8.0\executionHistory)" [_thread_blocked, id=15432, stack(0x000000a2c2200000,0x000000a2c2300000)]
  0x0000026c2113c5f0 JavaThread "jar transforms" [_thread_blocked, id=3624, stack(0x000000a2c2500000,0x000000a2c2600000)]
  0x0000026c2113cac0 JavaThread "jar transforms Thread 2" [_thread_blocked, id=11348, stack(0x000000a2c2600000,0x000000a2c2700000)]
  0x0000026c2113a910 JavaThread "Cache worker for kotlin-dsl (C:\Users\pedro\.gradle\caches\8.0\kotlin-dsl)" [_thread_blocked, id=15776, stack(0x000000a2c2800000,0x000000a2c2900000)]
  0x0000026c211378f0 JavaThread "jar transforms Thread 3" [_thread_blocked, id=16044, stack(0x000000a2c2900000,0x000000a2c2a00000)]
  0x0000026c2113d460 JavaThread "jar transforms Thread 4" [_thread_blocked, id=15652, stack(0x000000a2c2a00000,0x000000a2c2b00000)]
  0x0000026c2113d930 JavaThread "Cache worker for dependencies-accessors (C:\Users\pedro\AndroidStudioProjects\MovieCima\.gradle\8.0\dependencies-accessors)" [_thread_blocked, id=6508, stack(0x000000a2c2b00000,0x000000a2c2c00000)]
  0x0000026c211360e0 JavaThread "Cache worker for Build Output Cleanup Cache (C:\Users\pedro\AndroidStudioProjects\MovieCima\.gradle\buildOutputCleanup)" [_thread_blocked, id=2132, stack(0x000000a2c2c00000,0x000000a2c2d00000)]
  0x0000026c21138760 JavaThread "jar transforms Thread 5" [_thread_blocked, id=3600, stack(0x000000a2c2d00000,0x000000a2c2e00000)]

Other Threads:
  0x0000026c1be4f330 VMThread "VM Thread" [stack: 0x000000a2bfa00000,0x000000a2bfb00000] [id=13872]
  0x0000026c1c83ad00 WatcherThread [stack: 0x000000a2c0600000,0x000000a2c0700000] [id=9356]
  0x0000026c02034030 GCTaskThread "GC Thread#0" [stack: 0x000000a2bf500000,0x000000a2bf600000] [id=7620]
  0x0000026c1d3a9010 GCTaskThread "GC Thread#1" [stack: 0x000000a2c0700000,0x000000a2c0800000] [id=7000]
  0x0000026c1d2b95c0 GCTaskThread "GC Thread#2" [stack: 0x000000a2c0800000,0x000000a2c0900000] [id=8224]
  0x0000026c1d3acd80 GCTaskThread "GC Thread#3" [stack: 0x000000a2c0900000,0x000000a2c0a00000] [id=7784]
  0x0000026c1dbf4720 GCTaskThread "GC Thread#4" [stack: 0x000000a2c0a00000,0x000000a2c0b00000] [id=14288]
  0x0000026c1e370920 GCTaskThread "GC Thread#5" [stack: 0x000000a2c1500000,0x000000a2c1600000] [id=11664]
  0x0000026c1d4b6030 GCTaskThread "GC Thread#6" [stack: 0x000000a2c1600000,0x000000a2c1700000] [id=1884]
  0x0000026c1d4b62e0 GCTaskThread "GC Thread#7" [stack: 0x000000a2c1700000,0x000000a2c1800000] [id=10808]
  0x0000026c02045710 ConcurrentGCThread "G1 Main Marker" [stack: 0x000000a2bf600000,0x000000a2bf700000] [id=15200]
  0x0000026c02046120 ConcurrentGCThread "G1 Conc#0" [stack: 0x000000a2bf700000,0x000000a2bf800000] [id=14060]
  0x0000026c1d4b9b60 ConcurrentGCThread "G1 Conc#1" [stack: 0x000000a2c1800000,0x000000a2c1900000] [id=12744]
  0x0000026c1bc924c0 ConcurrentGCThread "G1 Refine#0" [stack: 0x000000a2bf800000,0x000000a2bf900000] [id=5832]
  0x0000026c1e0c92d0 ConcurrentGCThread "G1 Refine#1" [stack: 0x000000a2c2700000,0x000000a2c2800000] [id=5868]
  0x0000026c1bc92ee0 ConcurrentGCThread "G1 Service" [stack: 0x000000a2bf900000,0x000000a2bfa00000] [id=1108]

Threads with active compile tasks:
C2 CompilerThread0    48328 4332       4       jdk.internal.org.objectweb.asm.Frame::execute (2305 bytes)

VM state: not at safepoint (normal execution)

VM Mutex/Monitor currently owned by a thread: None

Heap address: 0x0000000080000000, size: 2048 MB, Compressed Oops mode: 32-bit

CDS archive(s) not mapped
Compressed class space mapped at: 0x0000000100000000-0x0000000140000000, reserved size: 1073741824
Narrow klass base: 0x0000000000000000, Narrow klass shift: 3, Narrow klass range: 0x140000000

GC Precious Log:
 CPUs: 8 total, 8 available
 Memory: 8072M
 Large Page Support: Disabled
 NUMA Support: Disabled
 Compressed Oops: Enabled (32-bit)
 Heap Region Size: 1M
 Heap Min Capacity: 8M
 Heap Initial Capacity: 128M
 Heap Max Capacity: 2G
 Pre-touch: Disabled
 Parallel Workers: 8
 Concurrent Workers: 2
 Concurrent Refinement Workers: 8
 Periodic GC: Disabled

Heap:
 garbage-first heap   total 68608K, used 34488K [0x0000000080000000, 0x0000000100000000)
  region size 1024K, 3 young (3072K), 2 survivors (2048K)
 Metaspace       used 52361K, committed 52800K, reserved 1097728K
  class space    used 7033K, committed 7232K, reserved 1048576K

Heap Regions: E=young(eden), S=young(survivor), O=old, HS=humongous(starts), HC=humongous(continues), CS=collection set, F=free, OA=open archive, CA=closed archive, TAMS=top-at-mark-start (previous, next)
|   0|0x0000000080000000, 0x0000000080100000, 0x0000000080100000|100%|HS|  |TAMS 0x0000000080100000, 0x0000000080000000| Complete 
|   1|0x0000000080100000, 0x0000000080200000, 0x0000000080200000|100%|HC|  |TAMS 0x0000000080200000, 0x0000000080100000| Complete 
|   2|0x0000000080200000, 0x0000000080300000, 0x0000000080300000|100%|HC|  |TAMS 0x0000000080300000, 0x0000000080200000| Complete 
|   3|0x0000000080300000, 0x0000000080400000, 0x0000000080400000|100%|HC|  |TAMS 0x0000000080400000, 0x0000000080300000| Complete 
|   4|0x0000000080400000, 0x0000000080500000, 0x0000000080500000|100%| O|  |TAMS 0x0000000080500000, 0x0000000080400000| Untracked 
|   5|0x0000000080500000, 0x0000000080600000, 0x0000000080600000|100%| O|  |TAMS 0x0000000080600000, 0x0000000080500000| Updating 
|   6|0x0000000080600000, 0x0000000080700000, 0x0000000080700000|100%| O|  |TAMS 0x0000000080700000, 0x0000000080600000| Untracked 
|   7|0x0000000080700000, 0x0000000080800000, 0x0000000080800000|100%| O|  |TAMS 0x0000000080800000, 0x0000000080700000| Untracked 
|   8|0x0000000080800000, 0x0000000080900000, 0x0000000080900000|100%| O|  |TAMS 0x0000000080900000, 0x0000000080800000| Updating 
|   9|0x0000000080900000, 0x0000000080a00000, 0x0000000080a00000|100%| O|  |TAMS 0x0000000080a00000, 0x0000000080900000| Untracked 
|  10|0x0000000080a00000, 0x0000000080b00000, 0x0000000080b00000|100%| O|  |TAMS 0x0000000080b00000, 0x0000000080a00000| Untracked 
|  11|0x0000000080b00000, 0x0000000080b11400, 0x0000000080c00000|  6%| O|  |TAMS 0x0000000080b11400, 0x0000000080b00000| Updating 
|  12|0x0000000080c00000, 0x0000000080d00000, 0x0000000080d00000|100%| O|  |TAMS 0x0000000080d00000, 0x0000000080c00000| Untracked 
|  13|0x0000000080d00000, 0x0000000080e00000, 0x0000000080e00000|100%| O|  |TAMS 0x0000000080e00000, 0x0000000080d00000| Untracked 
|  14|0x0000000080e00000, 0x0000000080f00000, 0x0000000080f00000|100%| O|  |TAMS 0x0000000080f00000, 0x0000000080e00000| Untracked 
|  15|0x0000000080f00000, 0x0000000081000000, 0x0000000081000000|100%| O|  |TAMS 0x0000000081000000, 0x0000000080f00000| Untracked 
|  16|0x0000000081000000, 0x0000000081100000, 0x0000000081100000|100%| O|  |TAMS 0x0000000081100000, 0x0000000081000000| Untracked 
|  17|0x0000000081100000, 0x0000000081200000, 0x0000000081200000|100%| O|  |TAMS 0x0000000081200000, 0x0000000081100000| Untracked 
|  18|0x0000000081200000, 0x0000000081300000, 0x0000000081300000|100%| O|  |TAMS 0x0000000081300000, 0x0000000081200000| Untracked 
|  19|0x0000000081300000, 0x0000000081400000, 0x0000000081400000|100%| O|  |TAMS 0x0000000081400000, 0x0000000081300000| Untracked 
|  20|0x0000000081400000, 0x0000000081500000, 0x0000000081500000|100%| O|  |TAMS 0x0000000081500000, 0x0000000081400000| Untracked 
|  21|0x0000000081500000, 0x0000000081600000, 0x0000000081600000|100%| O|  |TAMS 0x0000000081600000, 0x0000000081500000| Untracked 
|  22|0x0000000081600000, 0x0000000081700000, 0x0000000081700000|100%| O|  |TAMS 0x0000000081700000, 0x0000000081600000| Updating 
|  23|0x0000000081700000, 0x0000000081800000, 0x0000000081800000|100%| O|  |TAMS 0x0000000081800000, 0x0000000081700000| Updating 
|  24|0x0000000081800000, 0x0000000081900000, 0x0000000081900000|100%| O|  |TAMS 0x0000000081900000, 0x0000000081800000| Updating 
|  25|0x0000000081900000, 0x0000000081a00000, 0x0000000081a00000|100%| O|  |TAMS 0x0000000081a00000, 0x0000000081900000| Untracked 
|  26|0x0000000081a00000, 0x0000000081b00000, 0x0000000081b00000|100%| O|  |TAMS 0x0000000081b00000, 0x0000000081a00000| Untracked 
|  27|0x0000000081b00000, 0x0000000081c00000, 0x0000000081c00000|100%| O|  |TAMS 0x0000000081c00000, 0x0000000081b00000| Updating 
|  28|0x0000000081c00000, 0x0000000081d00000, 0x0000000081d00000|100%| O|  |TAMS 0x0000000081d00000, 0x0000000081c00000| Untracked 
|  29|0x0000000081d00000, 0x0000000081e00000, 0x0000000081e00000|100%| O|  |TAMS 0x0000000081e00000, 0x0000000081d00000| Untracked 
|  30|0x0000000081e00000, 0x0000000081f00000, 0x0000000081f00000|100%| O|  |TAMS 0x0000000081f00000, 0x0000000081e00000| Untracked 
|  31|0x0000000081f00000, 0x0000000082000000, 0x0000000082000000|100%| O|  |TAMS 0x0000000081f2ec00, 0x0000000081f00000| Untracked 
|  32|0x0000000082000000, 0x000000008209cc00, 0x0000000082100000| 61%| O|  |TAMS 0x0000000082000000, 0x0000000082000000| Updating 
|  33|0x0000000082100000, 0x0000000082100000, 0x0000000082200000|  0%| F|  |TAMS 0x0000000082100000, 0x0000000082100000| Untracked 
|  34|0x0000000082200000, 0x0000000082200000, 0x0000000082300000|  0%| F|  |TAMS 0x0000000082200000, 0x0000000082200000| Untracked 
|  35|0x0000000082300000, 0x0000000082300000, 0x0000000082400000|  0%| F|  |TAMS 0x0000000082300000, 0x0000000082300000| Untracked 
|  36|0x0000000082400000, 0x0000000082400000, 0x0000000082500000|  0%| F|  |TAMS 0x0000000082400000, 0x0000000082400000| Untracked 
|  37|0x0000000082500000, 0x0000000082500000, 0x0000000082600000|  0%| F|  |TAMS 0x0000000082500000, 0x0000000082500000| Untracked 
|  38|0x0000000082600000, 0x0000000082600000, 0x0000000082700000|  0%| F|  |TAMS 0x0000000082600000, 0x0000000082600000| Untracked 
|  39|0x0000000082700000, 0x0000000082700000, 0x0000000082800000|  0%| F|  |TAMS 0x0000000082700000, 0x0000000082700000| Untracked 
|  40|0x0000000082800000, 0x0000000082800000, 0x0000000082900000|  0%| F|  |TAMS 0x0000000082800000, 0x0000000082800000| Untracked 
|  41|0x0000000082900000, 0x0000000082900000, 0x0000000082a00000|  0%| F|  |TAMS 0x0000000082900000, 0x0000000082900000| Untracked 
|  42|0x0000000082a00000, 0x0000000082a00000, 0x0000000082b00000|  0%| F|  |TAMS 0x0000000082a00000, 0x0000000082a00000| Untracked 
|  43|0x0000000082b00000, 0x0000000082b00000, 0x0000000082c00000|  0%| F|  |TAMS 0x0000000082b00000, 0x0000000082b00000| Untracked 
|  44|0x0000000082c00000, 0x0000000082c00000, 0x0000000082d00000|  0%| F|  |TAMS 0x0000000082c00000, 0x0000000082c00000| Untracked 
|  45|0x0000000082d00000, 0x0000000082e00000, 0x0000000082e00000|100%| S|CS|TAMS 0x0000000082d00000, 0x0000000082d00000| Complete 
|  46|0x0000000082e00000, 0x0000000082e00000, 0x0000000082f00000|  0%| F|  |TAMS 0x0000000082e00000, 0x0000000082e00000| Untracked 
|  47|0x0000000082f00000, 0x0000000083000000, 0x0000000083000000|100%| S|CS|TAMS 0x0000000082f00000, 0x0000000082f00000| Complete 
|  48|0x0000000083000000, 0x0000000083000000, 0x0000000083100000|  0%| F|  |TAMS 0x0000000083000000, 0x0000000083000000| Untracked 
|  49|0x0000000083100000, 0x0000000083100000, 0x0000000083200000|  0%| F|  |TAMS 0x0000000083100000, 0x0000000083100000| Untracked 
|  50|0x0000000083200000, 0x0000000083200000, 0x0000000083300000|  0%| F|  |TAMS 0x0000000083200000, 0x0000000083200000| Untracked 
|  51|0x0000000083300000, 0x0000000083300000, 0x0000000083400000|  0%| F|  |TAMS 0x0000000083300000, 0x0000000083300000| Untracked 
|  52|0x0000000083400000, 0x0000000083400000, 0x0000000083500000|  0%| F|  |TAMS 0x0000000083400000, 0x0000000083400000| Untracked 
|  53|0x0000000083500000, 0x0000000083500000, 0x0000000083600000|  0%| F|  |TAMS 0x0000000083500000, 0x0000000083500000| Untracked 
|  54|0x0000000083600000, 0x0000000083600000, 0x0000000083700000|  0%| F|  |TAMS 0x0000000083600000, 0x0000000083600000| Untracked 
|  55|0x0000000083700000, 0x0000000083700000, 0x0000000083800000|  0%| F|  |TAMS 0x0000000083700000, 0x0000000083700000| Untracked 
|  56|0x0000000083800000, 0x0000000083800000, 0x0000000083900000|  0%| F|  |TAMS 0x0000000083800000, 0x0000000083800000| Untracked 
|  57|0x0000000083900000, 0x0000000083900000, 0x0000000083a00000|  0%| F|  |TAMS 0x0000000083900000, 0x0000000083900000| Untracked 
|  77|0x0000000084d00000, 0x0000000084d00000, 0x0000000084e00000|  0%| F|  |TAMS 0x0000000084d00000, 0x0000000084d00000| Untracked 
|  78|0x0000000084e00000, 0x0000000084e00000, 0x0000000084f00000|  0%| F|  |TAMS 0x0000000084e00000, 0x0000000084e00000| Untracked 
|  79|0x0000000084f00000, 0x0000000084f00000, 0x0000000085000000|  0%| F|  |TAMS 0x0000000084f00000, 0x0000000084f00000| Untracked 
|  80|0x0000000085000000, 0x0000000085000000, 0x0000000085100000|  0%| F|  |TAMS 0x0000000085000000, 0x0000000085000000| Untracked 
|  81|0x0000000085100000, 0x0000000085100000, 0x0000000085200000|  0%| F|  |TAMS 0x0000000085100000, 0x0000000085100000| Untracked 
|  82|0x0000000085200000, 0x0000000085200000, 0x0000000085300000|  0%| F|  |TAMS 0x0000000085200000, 0x0000000085200000| Untracked 
|  83|0x0000000085300000, 0x0000000085300000, 0x0000000085400000|  0%| F|  |TAMS 0x0000000085300000, 0x0000000085300000| Untracked 
|  84|0x0000000085400000, 0x0000000085400000, 0x0000000085500000|  0%| F|  |TAMS 0x0000000085400000, 0x0000000085400000| Untracked 
| 127|0x0000000087f00000, 0x0000000087f6b600, 0x0000000088000000| 41%| E|  |TAMS 0x0000000087f00000, 0x0000000087f00000| Complete 

Card table byte_map: [0x0000026c14bd0000,0x0000026c14fd0000] _byte_map_base: 0x0000026c147d0000

Marking Bits (Prev, Next): (CMBitMap*) 0x0000026c02034680, (CMBitMap*) 0x0000026c02034640
 Prev Bits: [0x0000026c173d0000, 0x0000026c193d0000)
 Next Bits: [0x0000026c153d0000, 0x0000026c173d0000)

Polling page: 0x0000026c017a0000

Metaspace:

Usage:
  Non-class:     44.27 MB used.
      Class:      6.87 MB used.
       Both:     51.13 MB used.

Virtual space:
  Non-class space:       48.00 MB reserved,      44.50 MB ( 93%) committed,  6 nodes.
      Class space:        1.00 GB reserved,       7.06 MB ( <1%) committed,  1 nodes.
             Both:        1.05 GB reserved,      51.56 MB (  5%) committed. 

Chunk freelists:
   Non-Class:  3.33 MB
       Class:  912.00 KB
        Both:  4.22 MB

MaxMetaspaceSize: unlimited
CompressedClassSpaceSize: 1.00 GB
Initial GC threshold: 21.00 MB
Current GC threshold: 85.94 MB
CDS: off
MetaspaceReclaimPolicy: balanced
 - commit_granule_bytes: 65536.
 - commit_granule_words: 8192.
 - virtual_space_node_default_size: 1048576.
 - enlarge_chunks_in_place: 1.
 - new_chunks_are_fully_committed: 0.
 - uncommit_free_chunks: 1.
 - use_allocation_guard: 0.
 - handle_deallocations: 1.


Internal statistics:

num_allocs_failed_limit: 6.
num_arena_births: 556.
num_arena_deaths: 0.
num_vsnodes_births: 7.
num_vsnodes_deaths: 0.
num_space_committed: 825.
num_space_uncommitted: 0.
num_chunks_returned_to_freelist: 6.
num_chunks_taken_from_freelist: 2206.
num_chunk_merges: 6.
num_chunk_splits: 1491.
num_chunks_enlarged: 1035.
num_purges: 0.
num_inconsistent_stats: 0.

CodeHeap 'non-profiled nmethods': size=120000Kb used=2387Kb max_used=2387Kb free=117612Kb
 bounds [0x0000026c0cf70000, 0x0000026c0d1e0000, 0x0000026c144a0000]
CodeHeap 'profiled nmethods': size=120000Kb used=9200Kb max_used=9200Kb free=110799Kb
 bounds [0x0000026c054a0000, 0x0000026c05da0000, 0x0000026c0c9d0000]
CodeHeap 'non-nmethods': size=5760Kb used=2315Kb max_used=2410Kb free=3444Kb
 bounds [0x0000026c0c9d0000, 0x0000026c0cc40000, 0x0000026c0cf70000]
 total_blobs=5327 nmethods=4495 adapters=744
 compilation: enabled
              stopped_count=0, restarted_count=0
 full_count=0

Compilation events (20 events):
Event: 47.831 Thread 0x0000026c1c835e00 4471       3       org.gradle.internal.snapshot.impl.CoercingStringValueSnapshot::<init> (11 bytes)
Event: 47.832 Thread 0x0000026c1c835e00 nmethod 4471 0x0000026c05d86910 code [0x0000026c05d86ac0, 0x0000026c05d86df8]
Event: 47.832 Thread 0x0000026c1c835e00 4472       3       org.gradle.api.internal.attributes.DefaultImmutableAttributes::keySet (8 bytes)
Event: 47.832 Thread 0x0000026c1c835e00 nmethod 4472 0x0000026c05d86f10 code [0x0000026c05d870c0, 0x0000026c05d87288]
Event: 47.834 Thread 0x0000026c1c835e00 4473       3       org.gradle.api.internal.artifacts.ivyservice.resolveengine.result.DesugaredAttributeContainerSerializer::read (155 bytes)
Event: 47.835 Thread 0x0000026c1c835e00 nmethod 4473 0x0000026c05d87390 code [0x0000026c05d876a0, 0x0000026c05d889d8]
Event: 47.835 Thread 0x0000026c1c835e00 4475       1       org.gradle.internal.component.external.model.DefaultModuleComponentIdentifier::hashCode (5 bytes)
Event: 47.836 Thread 0x0000026c1c835e00 nmethod 4475 0x0000026c0d1c0b10 code [0x0000026c0d1c0ca0, 0x0000026c0d1c0d78]
Event: 47.836 Thread 0x0000026c1c835e00 4476       3       java.io.DataInputStream::<init> (30 bytes)
Event: 47.836 Thread 0x0000026c1c835e00 nmethod 4476 0x0000026c05d89090 code [0x0000026c05d89260, 0x0000026c05d897d8]
Event: 47.836 Thread 0x0000026c1c835e00 4474       3       org.gradle.api.internal.artifacts.dependencies.AbstractVersionConstraint::<init> (5 bytes)
Event: 47.836 Thread 0x0000026c1c835e00 nmethod 4474 0x0000026c05d89910 code [0x0000026c05d89aa0, 0x0000026c05d89bf8]
Event: 47.837 Thread 0x0000026c1c835e00 4477       3       org.gradle.api.internal.artifacts.dependencies.AbstractVersionConstraint::hashCode (36 bytes)
Event: 47.837 Thread 0x0000026c1c835e00 nmethod 4477 0x0000026c05d89c90 code [0x0000026c05d89ec0, 0x0000026c05d8a9a8]
Event: 47.841 Thread 0x0000026c1c835e00 4478       3       org.gradle.api.internal.attributes.AbstractAttributeContainer::<init> (5 bytes)
Event: 47.841 Thread 0x0000026c1c835e00 nmethod 4478 0x0000026c05d8ac10 code [0x0000026c05d8ada0, 0x0000026c05d8aef8]
Event: 47.841 Thread 0x0000026c1c835e00 4479       1       org.gradle.api.internal.artifacts.ivyservice.resolveengine.graph.builder.SelectorState::getTargetModule (5 bytes)
Event: 47.858 Thread 0x0000026c1c835e00 nmethod 4479 0x0000026c0d1c0e10 code [0x0000026c0d1c0fa0, 0x0000026c0d1c1078]
Event: 47.859 Thread 0x0000026c1c835e00 4480       3       java.util.HashMap$ValueSpliterator::characteristics (28 bytes)
Event: 47.860 Thread 0x0000026c1c835e00 nmethod 4480 0x0000026c05d8af90 code [0x0000026c05d8b140, 0x0000026c05d8b318]

GC Heap History (20 events):
Event: 8.438 GC heap before
{Heap before GC invocations=2 (full 0):
 garbage-first heap   total 131072K, used 53317K [0x0000000080000000, 0x0000000100000000)
  region size 1024K, 43 young (44032K), 4 survivors (4096K)
 Metaspace       used 21242K, committed 21504K, reserved 1073152K
  class space    used 2587K, committed 2752K, reserved 1048576K
}
Event: 8.443 GC heap after
{Heap after GC invocations=3 (full 0):
 garbage-first heap   total 131072K, used 18465K [0x0000000080000000, 0x0000000100000000)
  region size 1024K, 8 young (8192K), 8 survivors (8192K)
 Metaspace       used 21242K, committed 21504K, reserved 1073152K
  class space    used 2587K, committed 2752K, reserved 1048576K
}
Event: 36.534 GC heap before
{Heap before GC invocations=4 (full 0):
 garbage-first heap   total 68608K, used 51233K [0x0000000080000000, 0x0000000100000000)
  region size 1024K, 40 young (40960K), 8 survivors (8192K)
 Metaspace       used 26277K, committed 26560K, reserved 1073152K
  class space    used 3456K, committed 3584K, reserved 1048576K
}
Event: 36.546 GC heap after
{Heap after GC invocations=5 (full 0):
 garbage-first heap   total 68608K, used 20431K [0x0000000080000000, 0x0000000100000000)
  region size 1024K, 3 young (3072K), 3 survivors (3072K)
 Metaspace       used 26277K, committed 26560K, reserved 1073152K
  class space    used 3456K, committed 3584K, reserved 1048576K
}
Event: 37.233 GC heap before
{Heap before GC invocations=5 (full 0):
 garbage-first heap   total 68608K, used 46031K [0x0000000080000000, 0x0000000100000000)
  region size 1024K, 28 young (28672K), 3 survivors (3072K)
 Metaspace       used 30226K, committed 30528K, reserved 1081344K
  class space    used 4108K, committed 4224K, reserved 1048576K
}
Event: 37.239 GC heap after
{Heap after GC invocations=6 (full 0):
 garbage-first heap   total 68608K, used 21800K [0x0000000080000000, 0x0000000100000000)
  region size 1024K, 4 young (4096K), 4 survivors (4096K)
 Metaspace       used 30226K, committed 30528K, reserved 1081344K
  class space    used 4108K, committed 4224K, reserved 1048576K
}
Event: 40.564 GC heap before
{Heap before GC invocations=6 (full 0):
 garbage-first heap   total 68608K, used 48424K [0x0000000080000000, 0x0000000100000000)
  region size 1024K, 30 young (30720K), 4 survivors (4096K)
 Metaspace       used 34589K, committed 34944K, reserved 1081344K
  class space    used 4777K, committed 4928K, reserved 1048576K
}
Event: 40.570 GC heap after
{Heap after GC invocations=7 (full 0):
 garbage-first heap   total 68608K, used 23311K [0x0000000080000000, 0x0000000100000000)
  region size 1024K, 4 young (4096K), 4 survivors (4096K)
 Metaspace       used 34589K, committed 34944K, reserved 1081344K
  class space    used 4777K, committed 4928K, reserved 1048576K
}
Event: 40.771 GC heap before
{Heap before GC invocations=7 (full 0):
 garbage-first heap   total 68608K, used 27407K [0x0000000080000000, 0x0000000100000000)
  region size 1024K, 10 young (10240K), 4 survivors (4096K)
 Metaspace       used 35644K, committed 35968K, reserved 1081344K
  class space    used 4887K, committed 5056K, reserved 1048576K
}
Event: 40.777 GC heap after
{Heap after GC invocations=8 (full 0):
 garbage-first heap   total 68608K, used 24361K [0x0000000080000000, 0x0000000100000000)
  region size 1024K, 3 young (3072K), 3 survivors (3072K)
 Metaspace       used 35644K, committed 35968K, reserved 1081344K
  class space    used 4887K, committed 5056K, reserved 1048576K
}
Event: 42.558 GC heap before
{Heap before GC invocations=9 (full 0):
 garbage-first heap   total 68608K, used 47913K [0x0000000080000000, 0x0000000100000000)
  region size 1024K, 27 young (27648K), 3 survivors (3072K)
 Metaspace       used 40472K, committed 40768K, reserved 1089536K
  class space    used 5370K, committed 5504K, reserved 1048576K
}
Event: 42.563 GC heap after
{Heap after GC invocations=10 (full 0):
 garbage-first heap   total 68608K, used 28189K [0x0000000080000000, 0x0000000100000000)
  region size 1024K, 4 young (4096K), 4 survivors (4096K)
 Metaspace       used 40472K, committed 40768K, reserved 1089536K
  class space    used 5370K, committed 5504K, reserved 1048576K
}
Event: 43.089 GC heap before
{Heap before GC invocations=10 (full 0):
 garbage-first heap   total 68608K, used 52765K [0x0000000080000000, 0x0000000100000000)
  region size 1024K, 25 young (25600K), 4 survivors (4096K)
 Metaspace       used 42809K, committed 43136K, reserved 1089536K
  class space    used 5615K, committed 5760K, reserved 1048576K
}
Event: 43.093 GC heap after
{Heap after GC invocations=11 (full 0):
 garbage-first heap   total 68608K, used 29755K [0x0000000080000000, 0x0000000100000000)
  region size 1024K, 3 young (3072K), 3 survivors (3072K)
 Metaspace       used 42809K, committed 43136K, reserved 1089536K
  class space    used 5615K, committed 5760K, reserved 1048576K
}
Event: 43.813 GC heap before
{Heap before GC invocations=11 (full 0):
 garbage-first heap   total 68608K, used 50235K [0x0000000080000000, 0x0000000100000000)
  region size 1024K, 23 young (23552K), 3 survivors (3072K)
 Metaspace       used 44659K, committed 45120K, reserved 1089536K
  class space    used 5801K, committed 6016K, reserved 1048576K
}
Event: 43.818 GC heap after
{Heap after GC invocations=12 (full 0):
 garbage-first heap   total 68608K, used 31089K [0x0000000080000000, 0x0000000100000000)
  region size 1024K, 2 young (2048K), 2 survivors (2048K)
 Metaspace       used 44659K, committed 45120K, reserved 1089536K
  class space    used 5801K, committed 6016K, reserved 1048576K
}
Event: 44.573 GC heap before
{Heap before GC invocations=12 (full 0):
 garbage-first heap   total 68608K, used 51569K [0x0000000080000000, 0x0000000100000000)
  region size 1024K, 22 young (22528K), 2 survivors (2048K)
 Metaspace       used 47201K, committed 47680K, reserved 1097728K
  class space    used 6230K, committed 6464K, reserved 1048576K
}
Event: 44.578 GC heap after
{Heap after GC invocations=13 (full 0):
 garbage-first heap   total 68608K, used 32417K [0x0000000080000000, 0x0000000100000000)
  region size 1024K, 3 young (3072K), 3 survivors (3072K)
 Metaspace       used 47201K, committed 47680K, reserved 1097728K
  class space    used 6230K, committed 6464K, reserved 1048576K
}
Event: 45.191 GC heap before
{Heap before GC invocations=13 (full 0):
 garbage-first heap   total 68608K, used 52897K [0x0000000080000000, 0x0000000100000000)
  region size 1024K, 23 young (23552K), 3 survivors (3072K)
 Metaspace       used 50066K, committed 50496K, reserved 1097728K
  class space    used 6700K, committed 6912K, reserved 1048576K
}
Event: 45.195 GC heap after
{Heap after GC invocations=14 (full 0):
 garbage-first heap   total 68608K, used 33554K [0x0000000080000000, 0x0000000100000000)
  region size 1024K, 3 young (3072K), 3 survivors (3072K)
 Metaspace       used 50066K, committed 50496K, reserved 1097728K
  class space    used 6700K, committed 6912K, reserved 1048576K
}

Dll operation events (2 events):
Event: 0.023 Loaded shared library C:\Program Files\Android\Android Studio\jbr\bin\java.dll
Event: 0.688 Loaded shared library C:\Program Files\Android\Android Studio\jbr\bin\verify.dll

Deoptimization events (20 events):
Event: 44.884 Thread 0x0000026c1ec1c7b0 DEOPT PACKING pc=0x0000026c0d0ce46c sp=0x000000a2c11f89d0
Event: 44.884 Thread 0x0000026c1ec1c7b0 DEOPT UNPACKING pc=0x0000026c0ca269a3 sp=0x000000a2c11f8968 mode 2
Event: 45.141 Thread 0x0000026c1ec1c7b0 Uncommon trap: trap_request=0xffffff76 fr.pc=0x0000026c0d0a90ac relative=0x000000000000026c
Event: 45.141 Thread 0x0000026c1ec1c7b0 Uncommon trap: reason=predicate action=maybe_recompile pc=0x0000026c0d0a90ac method=com.google.common.base.CharMatcher.indexIn(Ljava/lang/CharSequence;I)I @ 19 c2
Event: 45.141 Thread 0x0000026c1ec1c7b0 DEOPT PACKING pc=0x0000026c0d0a90ac sp=0x000000a2c11f95d0
Event: 45.141 Thread 0x0000026c1ec1c7b0 DEOPT UNPACKING pc=0x0000026c0ca269a3 sp=0x000000a2c11f9578 mode 2
Event: 45.173 Thread 0x0000026c1ec1c7b0 Uncommon trap: trap_request=0xffffff45 fr.pc=0x0000026c0cfe1f74 relative=0x00000000000001d4
Event: 45.173 Thread 0x0000026c1ec1c7b0 Uncommon trap: reason=unstable_if action=reinterpret pc=0x0000026c0cfe1f74 method=java.net.URI$Parser.scan(IILjava/lang/String;)I @ 26 c2
Event: 45.173 Thread 0x0000026c1ec1c7b0 DEOPT PACKING pc=0x0000026c0cfe1f74 sp=0x000000a2c11f8150
Event: 45.173 Thread 0x0000026c1ec1c7b0 DEOPT UNPACKING pc=0x0000026c0ca269a3 sp=0x000000a2c11f80e0 mode 2
Event: 45.173 Thread 0x0000026c1ec1c7b0 Uncommon trap: trap_request=0xffffff45 fr.pc=0x0000026c0cfc5ed0 relative=0x0000000000000130
Event: 45.173 Thread 0x0000026c1ec1c7b0 Uncommon trap: reason=unstable_if action=reinterpret pc=0x0000026c0cfc5ed0 method=java.net.URI.match(CJJ)Z @ 45 c2
Event: 45.173 Thread 0x0000026c1ec1c7b0 DEOPT PACKING pc=0x0000026c0cfc5ed0 sp=0x000000a2c11f7ec0
Event: 45.173 Thread 0x0000026c1ec1c7b0 DEOPT UNPACKING pc=0x0000026c0ca269a3 sp=0x000000a2c11f7df8 mode 2
Event: 45.173 Thread 0x0000026c1ec1c7b0 Uncommon trap: trap_request=0xffffff45 fr.pc=0x0000026c0cf916cc relative=0x000000000000004c
Event: 45.173 Thread 0x0000026c1ec1c7b0 Uncommon trap: reason=unstable_if action=reinterpret pc=0x0000026c0cf916cc method=java.net.URI.match(CJJ)Z @ 19 c2
Event: 45.173 Thread 0x0000026c1ec1c7b0 DEOPT PACKING pc=0x0000026c0cf916cc sp=0x000000a2c11f7ed0
Event: 45.173 Thread 0x0000026c1ec1c7b0 DEOPT UNPACKING pc=0x0000026c0ca269a3 sp=0x000000a2c11f7e80 mode 2
Event: 45.202 Thread 0x0000026c1ec1c7b0 DEOPT PACKING pc=0x0000026c05805d08 sp=0x000000a2c11f81f0
Event: 45.202 Thread 0x0000026c1ec1c7b0 DEOPT UNPACKING pc=0x0000026c0ca27143 sp=0x000000a2c11f76f8 mode 0

Classes unloaded (0 events):
No events

Classes redefined (0 events):
No events

Internal exceptions (20 events):
Event: 43.139 Thread 0x0000026c1ec1c7b0 Exception <a 'java/lang/NoSuchMethodError'{0x00000000854ad028}: 'java.lang.Object java.lang.invoke.DirectMethodHandle$Holder.invokeStatic(java.lang.Object, java.lang.Object, java.lang.Object, java.lang.Object, java.lang.Object, java.lang.Object, java.lang.Object, java.lang.Object, java.lang.Object, java.lang.Object, java.lang.Object, java.lang.Object, java.lang.Object, java.lang.Object, java.lang.Object, java.lang.Object, java.lang.Object, java.lang.Object, java.lang.Object, java.lang.Object, java.lang.Obj
Event: 43.143 Thread 0x0000026c1ec1c7b0 Exception <a 'java/lang/NoSuchMethodError'{0x00000000854dc5b0}: 'java.lang.Object java.lang.invoke.DirectMethodHandle$Holder.invokeStatic(java.lang.Object, java.lang.Object, java.lang.Object, java.lang.Object, java.lang.Object, java.lang.Object, java.lang.Object, java.lang.Object, java.lang.Object, java.lang.Object, java.lang.Object, java.lang.Object, java.lang.Object, java.lang.Object, java.lang.Object, java.lang.Object, java.lang.Object, java.lang.Object, java.lang.Object, java.lang.Object, java.lang.Obj
Event: 43.150 Thread 0x0000026c1ec1c7b0 Exception <a 'java/lang/NoSuchMethodError'{0x000000008530ae50}: 'java.lang.Object java.lang.invoke.DirectMethodHandle$Holder.invokeStatic(java.lang.Object, java.lang.Object, java.lang.Object, java.lang.Object, java.lang.Object, java.lang.Object, java.lang.Object, java.lang.Object, java.lang.Object, java.lang.Object, java.lang.Object, java.lang.Object, java.lang.Object, java.lang.Object, java.lang.Object, java.lang.Object, java.lang.Object, java.lang.Object, java.lang.Object, java.lang.Object, java.lang.Obj
Event: 43.452 Thread 0x0000026c1ec1c7b0 Exception <a 'java/lang/IncompatibleClassChangeError'{0x0000000083441e30}: Found class java.lang.Object, but interface was expected> (0x0000000083441e30) 
thrown [s\src\hotspot\share\interpreter\linkResolver.cpp, line 838]
Event: 43.767 Thread 0x0000026c1ec1c7b0 Exception <a 'java/lang/IncompatibleClassChangeError'{0x00000000830ee2b0}: Found class java.lang.Object, but interface was expected> (0x00000000830ee2b0) 
thrown [s\src\hotspot\share\interpreter\linkResolver.cpp, line 838]
Event: 43.826 Thread 0x0000026c1ec1c7b0 Exception <a 'java/lang/NoSuchMethodError'{0x0000000087f474c8}: 'int java.lang.invoke.DirectMethodHandle$Holder.invokeStaticInit(java.lang.Object, java.lang.Object, java.lang.Object, java.lang.Object, java.lang.Object)'> (0x0000000087f474c8) 
thrown [s\src\hotspot\share\interpreter\linkResolver.cpp, line 771]
Event: 44.011 Thread 0x0000026c1ec1c7b0 Implicit null exception at 0x0000026c0d0fb1ec to 0x0000026c0d0fb290
Event: 44.240 Thread 0x0000026c1ec1c7b0 Exception <a 'java/lang/NoSuchMethodError'{0x00000000837df6f0}: 'void java.lang.invoke.DirectMethodHandle$Holder.invokeInterface(java.lang.Object, java.lang.Object)'> (0x00000000837df6f0) 
thrown [s\src\hotspot\share\interpreter\linkResolver.cpp, line 771]
Event: 44.241 Thread 0x0000026c1ec1c7b0 Exception <a 'java/lang/IncompatibleClassChangeError'{0x00000000837eaa20}: Found class java.lang.Object, but interface was expected> (0x00000000837eaa20) 
thrown [s\src\hotspot\share\interpreter\linkResolver.cpp, line 838]
Event: 44.274 Thread 0x0000026c1ec1c7b0 Exception <a 'java/lang/NoSuchMethodError'{0x000000008357ed50}: 'java.lang.Object java.lang.invoke.DirectMethodHandle$Holder.newInvokeSpecial(java.lang.Object, int, java.lang.Object)'> (0x000000008357ed50) 
thrown [s\src\hotspot\share\interpreter\linkResolver.cpp, line 771]
Event: 44.707 Thread 0x0000026c1d48bed0 Exception <a 'java/lang/NoSuchMethodError'{0x00000000851d7278}: static Lorg/gradle/internal/build/event/types/DefaultOperationStartedProgressEvent;.<clinit>()V> (0x00000000851d7278) 
thrown [s\src\hotspot\share\prims\jni.cpp, line 1108]
Event: 44.708 Thread 0x0000026c1d48bed0 Exception <a 'java/lang/NoSuchMethodError'{0x00000000851d8dc0}: static Lorg/gradle/internal/build/event/types/AbstractProgressEvent;.<clinit>()V> (0x00000000851d8dc0) 
thrown [s\src\hotspot\share\prims\jni.cpp, line 1108]
Event: 44.710 Thread 0x0000026c1d48bed0 Exception <a 'java/lang/NoSuchMethodError'{0x00000000851eb848}: static Lorg/gradle/internal/build/event/types/DefaultProjectConfigurationDescriptor;.<clinit>()V> (0x00000000851eb848) 
thrown [s\src\hotspot\share\prims\jni.cpp, line 1108]
Event: 44.711 Thread 0x0000026c1d48bed0 Exception <a 'java/lang/NoSuchMethodError'{0x0000000085002758}: static Lorg/gradle/internal/build/event/types/DefaultOperationDescriptor;.<clinit>()V> (0x0000000085002758) 
thrown [s\src\hotspot\share\prims\jni.cpp, line 1108]
Event: 44.716 Thread 0x0000026c1d48bed0 Exception <a 'java/lang/NoSuchMethodError'{0x000000008507a368}: static Lorg/gradle/internal/operations/OperationIdentifier;.<clinit>()V> (0x000000008507a368) 
thrown [s\src\hotspot\share\prims\jni.cpp, line 1108]
Event: 46.639 Thread 0x0000026c1ec1c7b0 Exception <a 'java/lang/NoSuchMethodError'{0x0000000083524960}: 'int java.lang.invoke.DirectMethodHandle$Holder.invokeStatic(java.lang.Object)'> (0x0000000083524960) 
thrown [s\src\hotspot\share\interpreter\linkResolver.cpp, line 771]
Event: 46.656 Thread 0x0000026c1ec1c7b0 Exception <a 'java/lang/NoSuchMethodError'{0x0000000083528ff8}: 'int java.lang.invoke.DirectMethodHandle$Holder.invokeStaticInit(java.lang.Object)'> (0x0000000083528ff8) 
thrown [s\src\hotspot\share\interpreter\linkResolver.cpp, line 771]
Event: 47.202 Thread 0x0000026c1ec1c7b0 Exception <a 'java/lang/NoSuchMethodError'{0x00000000835a17f8}: 'java.lang.Object java.lang.invoke.DirectMethodHandle$Holder.newInvokeSpecial(java.lang.Object, java.lang.Object, java.lang.Object, java.lang.Object, java.lang.Object, int)'> (0x00000000835a17f8) 
thrown [s\src\hotspot\share\interpreter\linkResolver.cpp, line 771]
Event: 47.203 Thread 0x0000026c1ec1c7b0 Exception <a 'java/lang/NoSuchMethodError'{0x00000000835a6e50}: 'java.lang.Object java.lang.invoke.DirectMethodHandle$Holder.invokeSpecial(java.lang.Object, java.lang.Object, java.lang.Object, java.lang.Object, java.lang.Object, java.lang.Object, int)'> (0x00000000835a6e50) 
thrown [s\src\hotspot\share\interpreter\linkResolver.cpp, line 771]
Event: 47.409 Thread 0x0000026c1ec1c7b0 Exception <a 'java/lang/NoSuchMethodError'{0x0000000083482fc8}: 'void java.lang.invoke.DirectMethodHandle$Holder.invokeStatic(java.lang.Object, java.lang.Object, java.lang.Object, int, java.lang.Object)'> (0x0000000083482fc8) 
thrown [s\src\hotspot\share\interpreter\linkResolver.cpp, line 771]

VM Operations (20 events):
Event: 43.777 Executing VM operation: HandshakeAllThreads
Event: 43.777 Executing VM operation: HandshakeAllThreads done
Event: 43.813 Executing VM operation: G1CollectForAllocation
Event: 43.818 Executing VM operation: G1CollectForAllocation done
Event: 43.969 Executing VM operation: HandshakeAllThreads
Event: 43.970 Executing VM operation: HandshakeAllThreads done
Event: 44.573 Executing VM operation: G1CollectForAllocation
Event: 44.579 Executing VM operation: G1CollectForAllocation done
Event: 44.629 Executing VM operation: HandshakeAllThreads
Event: 44.629 Executing VM operation: HandshakeAllThreads done
Event: 44.681 Executing VM operation: HandshakeAllThreads
Event: 44.682 Executing VM operation: HandshakeAllThreads done
Event: 45.191 Executing VM operation: G1CollectForAllocation
Event: 45.195 Executing VM operation: G1CollectForAllocation done
Event: 46.196 Executing VM operation: Cleanup
Event: 46.196 Executing VM operation: Cleanup done
Event: 46.562 Executing VM operation: HandshakeAllThreads
Event: 46.562 Executing VM operation: HandshakeAllThreads done
Event: 47.570 Executing VM operation: Cleanup
Event: 47.570 Executing VM operation: Cleanup done

Events (20 events):
Event: 45.184 loading class java/io/DeleteOnExitHook$1
Event: 45.184 loading class java/io/DeleteOnExitHook$1 done
Event: 45.286 loading class javax/net/ssl/HostnameVerifier
Event: 45.286 loading class javax/net/ssl/HostnameVerifier done
Event: 45.289 loading class javax/net/ssl/TrustManager
Event: 45.290 loading class javax/net/ssl/TrustManager done
Event: 45.290 loading class javax/net/ssl/X509TrustManager
Event: 45.290 loading class javax/net/ssl/X509TrustManager done
Event: 45.294 loading class javax/net/ssl/SSLException
Event: 45.294 loading class javax/net/ssl/SSLException done
Event: 45.294 loading class javax/net/ssl/SSLPeerUnverifiedException
Event: 45.294 loading class javax/net/ssl/SSLPeerUnverifiedException done
Event: 45.294 loading class javax/naming/NamingException
Event: 45.295 loading class javax/naming/NamingException done
Event: 45.295 loading class javax/naming/InvalidNameException
Event: 45.296 loading class javax/naming/InvalidNameException done
Event: 45.296 loading class java/security/cert/CertificateParsingException
Event: 45.296 loading class java/security/cert/CertificateException
Event: 45.298 loading class java/security/cert/CertificateException done
Event: 45.298 loading class java/security/cert/CertificateParsingException done


Dynamic libraries:
0x00007ff724d50000 - 0x00007ff724d5a000 	C:\Program Files\Android\Android Studio\jbr\bin\java.exe
0x00007ff97fb30000 - 0x00007ff97fd47000 	C:\WINDOWS\SYSTEM32\ntdll.dll
0x00007ff97ec20000 - 0x00007ff97ece4000 	C:\WINDOWS\System32\KERNEL32.DLL
0x00007ff97d020000 - 0x00007ff97d3c6000 	C:\WINDOWS\System32\KERNELBASE.dll
0x00007ff97d500000 - 0x00007ff97d611000 	C:\WINDOWS\System32\ucrtbase.dll
0x00007ff96a1a0000 - 0x00007ff96a1b7000 	C:\Program Files\Android\Android Studio\jbr\bin\jli.dll
0x00007ff9785e0000 - 0x00007ff9785fb000 	C:\Program Files\Android\Android Studio\jbr\bin\VCRUNTIME140.dll
0x00007ff97df40000 - 0x00007ff97e0ed000 	C:\WINDOWS\System32\USER32.dll
0x00007ff97d740000 - 0x00007ff97d766000 	C:\WINDOWS\System32\win32u.dll
0x00007ff97faa0000 - 0x00007ff97fac9000 	C:\WINDOWS\System32\GDI32.dll
0x00007ff97d770000 - 0x00007ff97d888000 	C:\WINDOWS\System32\gdi32full.dll
0x00007ff9610c0000 - 0x00007ff961353000 	C:\WINDOWS\WinSxS\amd64_microsoft.windows.common-controls_6595b64144ccf1df_6.0.22621.2361_none_2712ced57382f843\COMCTL32.dll
0x00007ff97d6a0000 - 0x00007ff97d73a000 	C:\WINDOWS\System32\msvcp_win.dll
0x00007ff97f100000 - 0x00007ff97f1a7000 	C:\WINDOWS\System32\msvcrt.dll
0x00007ff97e270000 - 0x00007ff97e2a1000 	C:\WINDOWS\System32\IMM32.DLL
0x00007ff973e60000 - 0x00007ff973e6c000 	C:\Program Files\Android\Android Studio\jbr\bin\vcruntime140_1.dll
0x00007ff963330000 - 0x00007ff9633bd000 	C:\Program Files\Android\Android Studio\jbr\bin\msvcp140.dll
0x00007ff934ff0000 - 0x00007ff935c5e000 	C:\Program Files\Android\Android Studio\jbr\bin\server\jvm.dll
0x00007ff97f2b0000 - 0x00007ff97f360000 	C:\WINDOWS\System32\ADVAPI32.dll
0x00007ff97f610000 - 0x00007ff97f6b6000 	C:\WINDOWS\System32\sechost.dll
0x00007ff97f960000 - 0x00007ff97fa77000 	C:\WINDOWS\System32\RPCRT4.dll
0x00007ff9740c0000 - 0x00007ff9740ca000 	C:\WINDOWS\SYSTEM32\VERSION.dll
0x00007ff9734c0000 - 0x00007ff9734f4000 	C:\WINDOWS\SYSTEM32\WINMM.dll
0x00007ff973df0000 - 0x00007ff973df9000 	C:\WINDOWS\SYSTEM32\WSOCK32.dll
0x00007ff97f710000 - 0x00007ff97f781000 	C:\WINDOWS\System32\WS2_32.dll
0x00007ff97bef0000 - 0x00007ff97bf08000 	C:\WINDOWS\SYSTEM32\kernel.appcore.dll
0x00007ff978500000 - 0x00007ff97850a000 	C:\Program Files\Android\Android Studio\jbr\bin\jimage.dll
0x00007ff96e5b0000 - 0x00007ff96e7de000 	C:\WINDOWS\SYSTEM32\DBGHELP.DLL
0x00007ff97ecf0000 - 0x00007ff97f07a000 	C:\WINDOWS\System32\combase.dll
0x00007ff97d9e0000 - 0x00007ff97dab7000 	C:\WINDOWS\System32\OLEAUT32.dll
0x00007ff960c60000 - 0x00007ff960c92000 	C:\WINDOWS\SYSTEM32\dbgcore.DLL
0x00007ff97d620000 - 0x00007ff97d69a000 	C:\WINDOWS\System32\bcryptPrimitives.dll
0x00007ff96c680000 - 0x00007ff96c6a5000 	C:\Program Files\Android\Android Studio\jbr\bin\java.dll
0x00007ff973bc0000 - 0x00007ff973bd8000 	C:\Program Files\Android\Android Studio\jbr\bin\zip.dll
0x00007ff97e3b0000 - 0x00007ff97ec08000 	C:\WINDOWS\System32\SHELL32.dll
0x00007ff97ae10000 - 0x00007ff97b702000 	C:\WINDOWS\SYSTEM32\windows.storage.dll
0x00007ff97acd0000 - 0x00007ff97ae0e000 	C:\WINDOWS\SYSTEM32\wintypes.dll
0x00007ff97f1b0000 - 0x00007ff97f2a3000 	C:\WINDOWS\System32\SHCORE.dll
0x00007ff97e160000 - 0x00007ff97e1be000 	C:\WINDOWS\System32\shlwapi.dll
0x00007ff97cde0000 - 0x00007ff97ce06000 	C:\WINDOWS\SYSTEM32\profapi.dll
0x00007ff971920000 - 0x00007ff971939000 	C:\Program Files\Android\Android Studio\jbr\bin\net.dll
0x00007ff976110000 - 0x00007ff976247000 	C:\WINDOWS\SYSTEM32\WINHTTP.dll
0x00007ff97c370000 - 0x00007ff97c3d9000 	C:\WINDOWS\system32\mswsock.dll
0x00007ff96c660000 - 0x00007ff96c676000 	C:\Program Files\Android\Android Studio\jbr\bin\nio.dll
0x00007ff9784e0000 - 0x00007ff9784f0000 	C:\Program Files\Android\Android Studio\jbr\bin\verify.dll
0x00007ff973e70000 - 0x00007ff973e97000 	C:\Users\pedro\.gradle\native\68d5fa5c4cc2d200863cafc0d521ce42e7d3e7ee720ec0a83991735586a16f82\windows-amd64\native-platform.dll
0x00007ff941d80000 - 0x00007ff941ec4000 	C:\Users\pedro\.gradle\native\e376f236ea51e6404a007f0833ffe2c6e607c4080706a723a18a27aeea778392\windows-amd64\native-platform-file-events.dll
0x00007ff973d60000 - 0x00007ff973d69000 	C:\Program Files\Android\Android Studio\jbr\bin\management.dll
0x00007ff96c490000 - 0x00007ff96c49b000 	C:\Program Files\Android\Android Studio\jbr\bin\management_ext.dll
0x00007ff97e0f0000 - 0x00007ff97e0f8000 	C:\WINDOWS\System32\PSAPI.DLL
0x00007ff97c5d0000 - 0x00007ff97c5eb000 	C:\WINDOWS\SYSTEM32\CRYPTSP.dll
0x00007ff97be50000 - 0x00007ff97be85000 	C:\WINDOWS\system32\rsaenh.dll
0x00007ff97c460000 - 0x00007ff97c48c000 	C:\WINDOWS\SYSTEM32\USERENV.dll
0x00007ff97c760000 - 0x00007ff97c788000 	C:\WINDOWS\SYSTEM32\bcrypt.dll
0x00007ff97c5c0000 - 0x00007ff97c5cc000 	C:\WINDOWS\SYSTEM32\CRYPTBASE.dll
0x00007ff97b970000 - 0x00007ff97b99d000 	C:\WINDOWS\SYSTEM32\IPHLPAPI.DLL
0x00007ff97ec10000 - 0x00007ff97ec19000 	C:\WINDOWS\System32\NSI.dll
0x00007ff976060000 - 0x00007ff976079000 	C:\WINDOWS\SYSTEM32\dhcpcsvc6.DLL
0x00007ff975e00000 - 0x00007ff975e1f000 	C:\WINDOWS\SYSTEM32\dhcpcsvc.DLL
0x00007ff97b9e0000 - 0x00007ff97bad9000 	C:\WINDOWS\SYSTEM32\DNSAPI.dll
0x00007ff96bf20000 - 0x00007ff96bf28000 	C:\WINDOWS\system32\wshunix.dll

dbghelp: loaded successfully - version: 4.0.5 - missing functions: none
symbol engine: initialized successfully - sym options: 0x614 - pdb path: .;C:\Program Files\Android\Android Studio\jbr\bin;C:\WINDOWS\SYSTEM32;C:\WINDOWS\WinSxS\amd64_microsoft.windows.common-controls_6595b64144ccf1df_6.0.22621.2361_none_2712ced57382f843;C:\Program Files\Android\Android Studio\jbr\bin\server;C:\Users\pedro\.gradle\native\68d5fa5c4cc2d200863cafc0d521ce42e7d3e7ee720ec0a83991735586a16f82\windows-amd64;C:\Users\pedro\.gradle\native\e376f236ea51e6404a007f0833ffe2c6e607c4080706a723a18a27aeea778392\windows-amd64

VM Arguments:
jvm_args: --add-opens=java.base/java.util=ALL-UNNAMED --add-opens=java.base/java.lang=ALL-UNNAMED --add-opens=java.base/java.lang.invoke=ALL-UNNAMED --add-opens=java.prefs/java.util.prefs=ALL-UNNAMED --add-opens=java.base/java.nio.charset=ALL-UNNAMED --add-opens=java.base/java.net=ALL-UNNAMED --add-opens=java.base/java.util.concurrent.atomic=ALL-UNNAMED -Xmx2048m -Dfile.encoding=UTF-8 -Duser.country=BR -Duser.language=pt -Duser.variant 
java_command: org.gradle.launcher.daemon.bootstrap.GradleDaemon 8.0
java_class_path (initial): C:\Users\pedro\.gradle\wrapper\dists\gradle-8.0-bin\ca5e32bp14vu59qr306oxotwh\gradle-8.0\lib\gradle-launcher-8.0.jar
Launcher Type: SUN_STANDARD

[Global flags]
     intx CICompilerCount                          = 4                                         {product} {ergonomic}
     uint ConcGCThreads                            = 2                                         {product} {ergonomic}
     uint G1ConcRefinementThreads                  = 8                                         {product} {ergonomic}
   size_t G1HeapRegionSize                         = 1048576                                   {product} {ergonomic}
    uintx GCDrainStackTargetSize                   = 64                                        {product} {ergonomic}
   size_t InitialHeapSize                          = 134217728                                 {product} {ergonomic}
   size_t MarkStackSize                            = 4194304                                   {product} {ergonomic}
   size_t MaxHeapSize                              = 2147483648                                {product} {command line}
   size_t MaxNewSize                               = 1287651328                                {product} {ergonomic}
   size_t MinHeapDeltaBytes                        = 1048576                                   {product} {ergonomic}
   size_t MinHeapSize                              = 8388608                                   {product} {ergonomic}
    uintx NonNMethodCodeHeapSize                   = 5839372                                {pd product} {ergonomic}
    uintx NonProfiledCodeHeapSize                  = 122909434                              {pd product} {ergonomic}
    uintx ProfiledCodeHeapSize                     = 122909434                              {pd product} {ergonomic}
    uintx ReservedCodeCacheSize                    = 251658240                              {pd product} {ergonomic}
     bool SegmentedCodeCache                       = true                                      {product} {ergonomic}
   size_t SoftMaxHeapSize                          = 2147483648                             {manageable} {ergonomic}
     bool UseCompressedClassPointers               = true                           {product lp64_product} {ergonomic}
     bool UseCompressedOops                        = true                           {product lp64_product} {ergonomic}
     bool UseG1GC                                  = true                                      {product} {ergonomic}
     bool UseLargePagesIndividualAllocation        = false                                  {pd product} {ergonomic}

Logging:
Log output configuration:
 #0: stdout all=warning uptime,level,tags
 #1: stderr all=off uptime,level,tags

Environment Variables:
PATH=C:\Program Files\Common Files\Oracle\Java\javapath;C:\Program Files (x86)\Common Files\Oracle\Java\javapath;C:\WINDOWS\system32;C:\WINDOWS;C:\WINDOWS\System32\Wbem;C:\WINDOWS\System32\WindowsPowerShell\v1.0\;C:\WINDOWS\System32\OpenSSH\;C:\Program Files\Microsoft SQL Server\150\Tools\Binn\;C:\Program Files\Microsoft SQL Server\Client SDK\ODBC\170\Tools\Binn\;C:\Program Files\dotnet\;C:\Program Files\nodejs\;C:\Program Files\Git\cmd;C:\Users\pedro\AppData\Local\Programs\Python\Python312\Scripts\;C:\Users\pedro\AppData\Local\Programs\Python\Python312\;C:\Users\pedro\AppData\Local\Microsoft\WindowsApps;C:\Users\pedro\.dotnet\tools;D:\Microsoft VS Code\bin;C:\Users\pedro\AppData\Roaming\npm
USERNAME=pedro
OS=Windows_NT
PROCESSOR_IDENTIFIER=Intel64 Family 6 Model 142 Stepping 12, GenuineIntel
TMP=C:\Users\pedro\AppData\Local\Temp
TEMP=C:\Users\pedro\AppData\Local\Temp


JNI global refs:
JNI global refs: 25, weak refs: 6

JNI global refs memory usage: 843, weak refs: 841


---------------  S Y S T E M  ---------------

OS:
 Windows 11 , 64 bit Build 22621 (10.0.22621.2428)
OS uptime: 0 days 1:50 hours

CPU: total 8 (initial active 8) (4 cores per cpu, 2 threads per core) family 6 model 142 stepping 12 microcode 0xde, cx8, cmov, fxsr, ht, mmx, 3dnowpref, sse, sse2, sse3, ssse3, sse4.1, sse4.2, popcnt, lzcnt, tsc, tscinvbit, avx, avx2, aes, erms, clmul, bmi1, bmi2, adx, fma, vzeroupper, clflush, clflushopt

Memory: 4k page, system-wide physical 8072M (4M free)
TotalPageFile size 23162M (AvailPageFile size 0M)
current process WorkingSet (physical memory assigned to process): 66M, peak: 175M
current process commit charge ("private bytes"): 268M, peak: 271M

vm_info: OpenJDK 64-Bit Server VM (17.0.6+0-b2043.56-10027231) for windows-amd64 JRE (17.0.6+0-b2043.56-10027231), built on Apr 28 2023 00:43:19 by "androidbuild" with MS VC++ 16.10 / 16.11 (VS2019)

END.
